<?xml version="1.0" encoding="UTF-8"?>
<!-- Generated by org.testng.reporters.JUnitReportReporter -->
<testsuite hostname="STREAMSOFT-0052" failures="0" tests="1" name="com.example.jcurrencyapp.TestNGSimpleTest" time="0.009" errors="0" timestamp="2021-09-10T14:25:35 CEST" skipped="0">
  <testcase classname="com.example.jcurrencyapp.TestNGSimpleTest" name="testAdd" time="0.009"/>
  <system-out/>
</testsuite> <!-- com.example.jcurrencyapp.TestNGSimpleTest -->
